<?xml version="1.0" encoding="UTF-8"?>
<!-- Generated by org.testng.reporters.JUnitXMLReporter -->
<testsuite ignored="2" hostname="G-PC" failures="0" tests="1" name="Command line test" time="6.085" errors="0" timestamp="2022-03-13T20:02:46 EET">
  <testcase classname="HelloSeleniumTest" name="Test3" time="4.813"/>
  <testcase classname="HelloSeleniumTest" name="Test2" time="0.0">
    <ignored/>
  </testcase> <!-- Test2 -->
  <testcase classname="HelloSeleniumTest" name="Test1" time="0.0">
    <ignored/>
  </testcase> <!-- Test1 -->
</testsuite> <!-- Command line test -->
