<?xml version="1.0" encoding="UTF-8"?>
<testng-results ignored="2" total="3" passed="1" failed="0" skipped="0">
  <reporter-output>
  </reporter-output>
  <suite started-at="2022-03-13T20:02:40 EET" name="HelloSeleniumTest" finished-at="2022-03-13T20:02:46 EET" duration-ms="6085">
    <groups>
    </groups>
    <test started-at="2022-03-13T20:02:40 EET" name="Command line test" finished-at="2022-03-13T20:02:46 EET" duration-ms="6085">
      <class name="HelloSeleniumTest">
        <test-method is-config="true" signature="setup()[pri:0, instance:HelloSeleniumTest@64c87930]" started-at="2022-03-13T20:02:40 EET" name="setup" finished-at="2022-03-13T20:02:41 EET" duration-ms="1140" status="PASS">
          <reporter-output>
          </reporter-output>
        </test-method> <!-- setup -->
        <test-method signature="Test3()[pri:0, instance:HelloSeleniumTest@64c87930]" started-at="2022-03-13T20:02:41 EET" name="Test3" finished-at="2022-03-13T20:02:45 EET" duration-ms="4813" status="PASS">
          <reporter-output>
          </reporter-output>
        </test-method> <!-- Test3 -->
        <test-method is-config="true" signature="TearDown()[pri:0, instance:HelloSeleniumTest@64c87930]" started-at="2022-03-13T20:02:45 EET" name="TearDown" finished-at="2022-03-13T20:02:46 EET" duration-ms="117" status="PASS">
          <reporter-output>
          </reporter-output>
        </test-method> <!-- TearDown -->
      </class> <!-- HelloSeleniumTest -->
    </test> <!-- Command line test -->
  </suite> <!-- HelloSeleniumTest -->
</testng-results>
